#
# There is insufficient memory for the Java Runtime Environment to continue.
# Native memory allocation (mmap) failed to map 67108864 bytes for G1 virtual space
# Possible reasons:
#   The system is out of physical RAM or swap space
#   The process is running with CompressedOops enabled, and the Java Heap may be blocking the growth of the native heap
# Possible solutions:
#   Reduce memory load on the system
#   Increase physical memory or swap space
#   Check if swap backing store is full
#   Decrease Java heap size (-Xmx/-Xms)
#   Decrease number of Java threads
#   Decrease Java thread stack sizes (-Xss)
#   Set larger code cache with -XX:ReservedCodeCacheSize=
#   JVM is running with Unscaled Compressed Oops mode in which the Java heap is
#     placed in the first 4GB address space. The Java Heap base address is the
#     maximum limit for the native heap growth. Please use -XX:HeapBaseMinAddress
#     to set the Java Heap base and to place the Java Heap above 4GB virtual address.
# This output file may be truncated or incomplete.
#
#  Out of Memory Error (os_windows.cpp:3617), pid=9904, tid=2576
#
# JRE version:  (17.0.8.1+1) (build )
# Java VM: OpenJDK 64-Bit Server VM (17.0.8.1+1, mixed mode, sharing, tiered, compressed oops, compressed class ptrs, g1 gc, windows-amd64)
# No core dump will be written. Minidumps are not enabled by default on client versions of Windows
#

---------------  S U M M A R Y ------------

Command Line: -Dfile.encoding=UTF-8 -Dstdout.encoding=UTF-8 -Dstderr.encoding=UTF-8 -XX:+ShowCodeDetailsInExceptionMessages griffith.FruitMachine

Host: Intel(R) Core(TM) i3-8130U CPU @ 2.20GHz, 4 cores, 3G,  Windows 11 , 64 bit Build 22621 (10.0.22621.2506)
Time: Tue Jan 16 22:13:03 2024 GMT Standard Time elapsed time: 0.042350 seconds (0d 0h 0m 0s)

---------------  T H R E A D  ---------------

Current thread (0x000001c21013fd60):  JavaThread "Unknown thread" [_thread_in_vm, id=2576, stack(0x0000000d43600000,0x0000000d43700000)]

Stack: [0x0000000d43600000,0x0000000d43700000]
Native frames: (J=compiled Java code, j=interpreted, Vv=VM code, C=native code)
V  [jvm.dll+0x678b0a]
V  [jvm.dll+0x835e84]
V  [jvm.dll+0x83762e]
V  [jvm.dll+0x837c93]
V  [jvm.dll+0x24746f]
V  [jvm.dll+0x675859]
V  [jvm.dll+0x66a0ea]
V  [jvm.dll+0x306c7b]
V  [jvm.dll+0x30e166]
V  [jvm.dll+0x35dd3e]
V  [jvm.dll+0x35df6f]
V  [jvm.dll+0x2ddb48]
V  [jvm.dll+0x2deab4]
V  [jvm.dll+0x807f31]
V  [jvm.dll+0x36bb21]
V  [jvm.dll+0x7e733c]
V  [jvm.dll+0x3ee4af]
V  [jvm.dll+0x3f00c1]
C  [jli.dll+0x528b]
C  [ucrtbase.dll+0x29363]
C  [KERNEL32.DLL+0x1257d]
C  [ntdll.dll+0x5aa58]


---------------  P R O C E S S  ---------------

Threads class SMR info:
_java_thread_list=0x00007ffc3c6ba018, length=0, elements={
}

Java Threads: ( => current thread )

Other Threads:
  0x000001c21017c2a0 GCTaskThread "GC Thread#0" [stack: 0x0000000d43700000,0x0000000d43800000] [id=5432]
  0x000001c210184e30 ConcurrentGCThread "G1 Main Marker" [stack: 0x0000000d43800000,0x0000000d43900000] [id=20272]
  0x000001c210185740 ConcurrentGCThread "G1 Conc#0" [stack: 0x0000000d43900000,0x0000000d43a00000] [id=19312]

[error occurred during error reporting (printing all threads), id 0xc0000005, EXCEPTION_ACCESS_VIOLATION (0xc0000005) at pc=0x00007ffc3be8e587]

VM state: not at safepoint (not fully initialized)

VM Mutex/Monitor currently owned by a thread:  ([mutex/lock_event])
[0x000001c21013b0e0] Heap_lock - owner thread: 0x000001c21013fd60

Heap address: 0x00000000c1600000, size: 1002 MB, Compressed Oops mode: 32-bit

CDS archive(s) mapped at: [0x0000000000000000-0x0000000000000000-0x0000000000000000), size 0, SharedBaseAddress: 0x0000000800000000, ArchiveRelocationMode: 1.
Narrow klass base: 0x0000000000000000, Narrow klass shift: 0, Narrow klass range: 0x0

GC Precious Log:
<Empty>

Heap:
 garbage-first heap   total 0K, used 0K [0x00000000c1600000, 0x0000000100000000)
  region size 1024K, 0 young (0K), 0 survivors (0K)

[error occurred during error reporting (printing heap information), id 0xc0000005, EXCEPTION_ACCESS_VIOLATION (0xc0000005) at pc=0x00007ffc3c272699]

GC Heap History (0 events):
No events

Dll operation events (1 events):
Event: 0.025 Loaded shared library C:\Users\hussa\.p2\pool\plugins\org.eclipse.justj.openjdk.hotspot.jre.full.win32.x86_64_17.0.8.v20230831-1047\jre\bin\java.dll

Deoptimization events (0 events):
No events

Classes unloaded (0 events):
No events

Classes redefined (0 events):
No events

Internal exceptions (0 events):
No events

VM Operations (0 events):
No events

Events (0 events):
No events


Dynamic libraries:
0x00007ff677450000 - 0x00007ff67745e000 	C:\Users\hussa\.p2\pool\plugins\org.eclipse.justj.openjdk.hotspot.jre.full.win32.x86_64_17.0.8.v20230831-1047\jre\bin\javaw.exe
0x00007ffce9bf0000 - 0x00007ffce9e07000 	C:\WINDOWS\SYSTEM32\ntdll.dll
0x00007ffce82e0000 - 0x00007ffce83a4000 	C:\WINDOWS\System32\KERNEL32.DLL
0x00007ffce7130000 - 0x00007ffce74d6000 	C:\WINDOWS\System32\KERNELBASE.dll
0x000000006e3f0000 - 0x000000006e720000 	C:\Program Files\Norton Security\NortonData\22.21.6.53\Definitions\IPSDefs\20221209.061\IPSEng64.dll
0x00007ffce8560000 - 0x00007ffce8611000 	C:\WINDOWS\System32\ADVAPI32.dll
0x00007ffce8620000 - 0x00007ffce86c7000 	C:\WINDOWS\System32\msvcrt.dll
0x00007ffce8950000 - 0x00007ffce89f5000 	C:\WINDOWS\System32\sechost.dll
0x00007ffce9a90000 - 0x00007ffce9ba7000 	C:\WINDOWS\System32\RPCRT4.dll
0x00007ffce90b0000 - 0x00007ffce90b8000 	C:\WINDOWS\System32\PSAPI.DLL
0x00007ffce7010000 - 0x00007ffce7121000 	C:\WINDOWS\System32\ucrtbase.dll
0x00007ffcd0f70000 - 0x00007ffcd0f87000 	C:\Users\hussa\.p2\pool\plugins\org.eclipse.justj.openjdk.hotspot.jre.full.win32.x86_64_17.0.8.v20230831-1047\jre\bin\jli.dll
0x00007ffce83b0000 - 0x00007ffce855e000 	C:\WINDOWS\System32\USER32.dll
0x00007ffce6fe0000 - 0x00007ffce7006000 	C:\WINDOWS\System32\win32u.dll
0x00007ffce9370000 - 0x00007ffce9399000 	C:\WINDOWS\System32\GDI32.dll
0x00007ffce74e0000 - 0x00007ffce75f8000 	C:\WINDOWS\System32\gdi32full.dll
0x00007ffce7730000 - 0x00007ffce77ca000 	C:\WINDOWS\System32\msvcp_win.dll
0x00007ffcd0ea0000 - 0x00007ffcd0eb9000 	C:\Users\hussa\.p2\pool\plugins\org.eclipse.justj.openjdk.hotspot.jre.full.win32.x86_64_17.0.8.v20230831-1047\jre\bin\VCRUNTIME140.dll
0x00007ffcd5280000 - 0x00007ffcd5513000 	C:\WINDOWS\WinSxS\amd64_microsoft.windows.common-controls_6595b64144ccf1df_6.0.22621.2506_none_270c5ae97388e100\COMCTL32.dll
0x00007ffce8e90000 - 0x00007ffce8ec1000 	C:\WINDOWS\System32\IMM32.DLL
0x00007ffcdd770000 - 0x00007ffcdd77c000 	C:\Users\hussa\.p2\pool\plugins\org.eclipse.justj.openjdk.hotspot.jre.full.win32.x86_64_17.0.8.v20230831-1047\jre\bin\vcruntime140_1.dll
0x00007ffccd9d0000 - 0x00007ffccda61000 	C:\Users\hussa\.p2\pool\plugins\org.eclipse.justj.openjdk.hotspot.jre.full.win32.x86_64_17.0.8.v20230831-1047\jre\bin\msvcp140.dll
0x00007ffc3bba0000 - 0x00007ffc3c7ec000 	C:\Users\hussa\.p2\pool\plugins\org.eclipse.justj.openjdk.hotspot.jre.full.win32.x86_64_17.0.8.v20230831-1047\jre\bin\server\jvm.dll
0x00007ffce6e30000 - 0x00007ffce6e7d000 	C:\WINDOWS\SYSTEM32\POWRPROF.dll
0x00007ffcd7120000 - 0x00007ffcd7129000 	C:\WINDOWS\SYSTEM32\WSOCK32.dll
0x00007ffce8e10000 - 0x00007ffce8e81000 	C:\WINDOWS\System32\WS2_32.dll
0x00007ffcded90000 - 0x00007ffcdedc4000 	C:\WINDOWS\SYSTEM32\WINMM.dll
0x00007ffcddf60000 - 0x00007ffcddf6a000 	C:\WINDOWS\SYSTEM32\VERSION.dll
0x00007ffce6e10000 - 0x00007ffce6e23000 	C:\WINDOWS\SYSTEM32\UMPDC.dll
0x00007ffce5f60000 - 0x00007ffce5f78000 	C:\WINDOWS\SYSTEM32\kernel.appcore.dll
0x00007ffce1cf0000 - 0x00007ffce1cfa000 	C:\Users\hussa\.p2\pool\plugins\org.eclipse.justj.openjdk.hotspot.jre.full.win32.x86_64_17.0.8.v20230831-1047\jre\bin\jimage.dll
0x00007ffce4a20000 - 0x00007ffce4c53000 	C:\WINDOWS\SYSTEM32\DBGHELP.DLL
0x00007ffce8a80000 - 0x00007ffce8e09000 	C:\WINDOWS\System32\combase.dll
0x00007ffce8fd0000 - 0x00007ffce90a7000 	C:\WINDOWS\System32\OLEAUT32.dll
0x00007ffccf910000 - 0x00007ffccf942000 	C:\WINDOWS\SYSTEM32\dbgcore.DLL
0x00007ffce6f60000 - 0x00007ffce6fda000 	C:\WINDOWS\System32\bcryptPrimitives.dll
0x00007ffcd1800000 - 0x00007ffcd1825000 	C:\Users\hussa\.p2\pool\plugins\org.eclipse.justj.openjdk.hotspot.jre.full.win32.x86_64_17.0.8.v20230831-1047\jre\bin\java.dll

dbghelp: loaded successfully - version: 4.0.5 - missing functions: none
symbol engine: initialized successfully - sym options: 0x614 - pdb path: .;C:\Users\hussa\.p2\pool\plugins\org.eclipse.justj.openjdk.hotspot.jre.full.win32.x86_64_17.0.8.v20230831-1047\jre\bin;C:\WINDOWS\SYSTEM32;C:\Program Files\Norton Security\NortonData\22.21.6.53\Definitions\IPSDefs\20221209.061;C:\WINDOWS\WinSxS\amd64_microsoft.windows.common-controls_6595b64144ccf1df_6.0.22621.2506_none_270c5ae97388e100;C:\Users\hussa\.p2\pool\plugins\org.eclipse.justj.openjdk.hotspot.jre.full.win32.x86_64_17.0.8.v20230831-1047\jre\bin\server

VM Arguments:
jvm_args: -Dfile.encoding=UTF-8 -Dstdout.encoding=UTF-8 -Dstderr.encoding=UTF-8 -XX:+ShowCodeDetailsInExceptionMessages 
java_command: griffith.FruitMachine
java_class_path (initial): C:\Users\hussa\Desktop\College Study\Computer Programming\Assignments\AssignmentOne_3136381\bin
Launcher Type: SUN_STANDARD

[Global flags]
     intx CICompilerCount                          = 3                                         {product} {ergonomic}
     uint ConcGCThreads                            = 1                                         {product} {ergonomic}
     uint G1ConcRefinementThreads                  = 4                                         {product} {ergonomic}
   size_t G1HeapRegionSize                         = 1048576                                   {product} {ergonomic}
    uintx GCDrainStackTargetSize                   = 64                                        {product} {ergonomic}
   size_t InitialHeapSize                          = 67108864                                  {product} {ergonomic}
   size_t MarkStackSize                            = 4194304                                   {product} {ergonomic}
   size_t MaxHeapSize                              = 1050673152                                {product} {ergonomic}
   size_t MinHeapDeltaBytes                        = 1048576                                   {product} {ergonomic}
   size_t MinHeapSize                              = 8388608                                   {product} {ergonomic}
    uintx NonNMethodCodeHeapSize                   = 5832780                                {pd product} {ergonomic}
    uintx NonProfiledCodeHeapSize                  = 122912730                              {pd product} {ergonomic}
    uintx ProfiledCodeHeapSize                     = 122912730                              {pd product} {ergonomic}
    uintx ReservedCodeCacheSize                    = 251658240                              {pd product} {ergonomic}
     bool SegmentedCodeCache                       = true                                      {product} {ergonomic}
     bool ShowCodeDetailsInExceptionMessages       = true                                   {manageable} {command line}
   size_t SoftMaxHeapSize                          = 1050673152                             {manageable} {ergonomic}
     bool UseCompressedClassPointers               = true                           {product lp64_product} {ergonomic}
     bool UseCompressedOops                        = true                           {product lp64_product} {ergonomic}
     bool UseG1GC                                  = true                                      {product} {ergonomic}
     bool UseLargePagesIndividualAllocation        = false                                  {pd product} {ergonomic}

Logging:
Log output configuration:
 #0: stdout all=warning uptime,level,tags
 #1: stderr all=off uptime,level,tags

Environment Variables:
PATH=C:/Users/hussa/.p2/pool/plugins/org.eclipse.justj.openjdk.hotspot.jre.full.win32.x86_64_17.0.8.v20230831-1047/jre/bin/server;C:/Users/hussa/.p2/pool/plugins/org.eclipse.justj.openjdk.hotspot.jre.full.win32.x86_64_17.0.8.v20230831-1047/jre/bin;C:\Program Files\Oculus\Support\oculus-runtime;C:\WINDOWS\system32;C:\WINDOWS;C:\WINDOWS\System32\Wbem;C:\WINDOWS\System32\WindowsPowerShell\v1.0\;C:\WINDOWS\System32\OpenSSH\;C:\Program Files\MySQL\MySQL Shell 8.0\bin\;C:\Users\hussa\AppData\Local\Microsoft\WindowsApps;;C:\Users\hussa\AppData\Local\Programs\Microsoft VS Code\bin;C:\Users\hussa\Desktop;
USERNAME=hussa
OS=Windows_NT
PROCESSOR_IDENTIFIER=Intel64 Family 6 Model 142 Stepping 10, GenuineIntel
TMP=C:\Users\hussa\AppData\Local\Temp
TEMP=C:\Users\hussa\AppData\Local\Temp



---------------  S Y S T E M  ---------------

OS:
 Windows 11 , 64 bit Build 22621 (10.0.22621.2506)
OS uptime: 3 days 10:13 hours

CPU: total 4 (initial active 4) (2 cores per cpu, 2 threads per core) family 6 model 142 stepping 10 microcode 0xe0, cx8, cmov, fxsr, ht, mmx, 3dnowpref, sse, sse2, sse3, ssse3, sse4.1, sse4.2, popcnt, lzcnt, tsc, tscinvbit, avx, avx2, aes, erms, clmul, bmi1, bmi2, adx, fma, vzeroupper, clflush, clflushopt
Processor Information for all 4 processors :
  Max Mhz: 2201, Current Mhz: 2201, Mhz Limit: 2201

Memory: 4k page, system-wide physical 4001M (229M free)
TotalPageFile size 16289M (AvailPageFile size 53M)
current process WorkingSet (physical memory assigned to process): 12M, peak: 12M
current process commit charge ("private bytes"): 52M, peak: 116M

vm_info: OpenJDK 64-Bit Server VM (17.0.8.1+1) for windows-amd64 JRE (17.0.8.1+1), built on Aug 23 2023 15:29:17 by "admin" with MS VC++ 16.7 (VS2019)

END.
